<?xml version="1.0" encoding="UTF-8"?>
<testsuite xmlns:xsi="http://www.w3.org/2001/XMLSchema-instance" xsi:noNamespaceSchemaLocation="https://maven.apache.org/surefire/maven-surefire-plugin/xsd/surefire-test-report.xsd" name="org.example.AppTest" time="1.442" tests="4" errors="0" skipped="0" failures="0">
  <properties>
[...]
</properties>
  <testcase name="testValidator" classname="org.example.AppTest" time="1.375"/>
  <testcase name="testStAXParserWithKnives" classname="org.example.AppTest" time="0"/>
  <testcase name="testSAXParserWithKnives" classname="org.example.AppTest" time="0"/>
  <testcase name="testDOMParserWithKnives" classname="org.example.AppTest" time="0"/>
</testsuite>